[    0.000000] Linux version 4.15.0-141-generic (buildd@lcy01-amd64-022) (gcc version 7.5.0 (Ubuntu 7.5.0-3ubuntu1~18.04)) #145-Ubuntu SMP Wed Mar 24 18:08:07 UTC 2021 (Ubuntu 4.15.0-141.145-generic 4.15.18)
[    0.000000] Command line: BOOT_IMAGE=/boot/vmlinuz-4.15.0-141-generic root=LABEL=cloudimg-rootfs ro console=tty1 console=ttyS0
[    0.000000] KERNEL supported cpus:
[    0.000000]   Intel GenuineIntel
[    0.000000]   AMD AuthenticAMD
[    0.000000]   Centaur CentaurHauls
[    0.000000] x86/fpu: Supporting XSAVE feature 0x001: 'x87 floating point registers'
[    0.000000] x86/fpu: Supporting XSAVE feature 0x002: 'SSE registers'
[    0.000000] x86/fpu: Supporting XSAVE feature 0x004: 'AVX registers'
[    0.000000] x86/fpu: xstate_offset[2]:  576, xstate_sizes[2]:  256
[    0.000000] x86/fpu: Enabled xstate features 0x7, context size is 832 bytes, using 'standard' format.
[    0.000000] e820: BIOS-provided physical RAM map:
[    0.000000] BIOS-e820: [mem 0x0000000000000000-0x000000000009fbff] usable
[    0.000000] BIOS-e820: [mem 0x000000000009fc00-0x000000000009ffff] reserved
[    0.000000] BIOS-e820: [mem 0x00000000000f0000-0x00000000000fffff] reserved
[    0.000000] BIOS-e820: [mem 0x0000000000100000-0x000000003ffeffff] usable
[    0.000000] BIOS-e820: [mem 0x000000003fff0000-0x000000003fffffff] ACPI data
[    0.000000] BIOS-e820: [mem 0x00000000fec00000-0x00000000fec00fff] reserved
[    0.000000] BIOS-e820: [mem 0x00000000fee00000-0x00000000fee00fff] reserved
[    0.000000] BIOS-e820: [mem 0x00000000fffc0000-0x00000000ffffffff] reserved
[    0.000000] NX (Execute Disable) protection: active
[    0.000000] SMBIOS 2.5 present.
[    0.000000] DMI: innotek GmbH VirtualBox/VirtualBox, BIOS VirtualBox 12/01/2006
[    0.000000] Hypervisor detected: KVM
[    0.000000] e820: last_pfn = 0x3fff0 max_arch_pfn = 0x400000000
[    0.000000] MTRR: Disabled
[    0.000000] x86/PAT: MTRRs disabled, skipping PAT initialization too.
[    0.000000] CPU MTRRs all blank - virtualized system.
[    0.000000] x86/PAT: Configuration [0-7]: WB  WT  UC- UC  WB  WT  UC- UC  
[    0.000000] found SMP MP-table at [mem 0x0009fff0-0x0009ffff]
[    0.000000] Scanning 1 areas for low memory corruption
[    0.000000] RAMDISK: [mem 0x359cd000-0x36cddfff]
[    0.000000] ACPI: Early table checksum verification disabled
[    0.000000] ACPI: RSDP 0x00000000000E0000 000024 (v02 VBOX  )
[    0.000000] ACPI: XSDT 0x000000003FFF0030 00003C (v01 VBOX   VBOXXSDT 00000001 ASL  00000061)
[    0.000000] ACPI: FACP 0x000000003FFF00F0 0000F4 (v04 VBOX   VBOXFACP 00000001 ASL  00000061)
[    0.000000] ACPI: DSDT 0x000000003FFF0470 002325 (v02 VBOX   VBOXBIOS 00000002 INTL 20120111)
[    0.000000] ACPI: FACS 0x000000003FFF0200 000040
[    0.000000] ACPI: FACS 0x000000003FFF0200 000040
[    0.000000] ACPI: APIC 0x000000003FFF0240 00005C (v02 VBOX   VBOXAPIC 00000001 ASL  00000061)
[    0.000000] ACPI: SSDT 0x000000003FFF02A0 0001CC (v01 VBOX   VBOXCPUT 00000002 INTL 20120111)
[    0.000000] No NUMA configuration found
[    0.000000] Faking a node at [mem 0x0000000000000000-0x000000003ffeffff]
[    0.000000] NODE_DATA(0) allocated [mem 0x3ffc5000-0x3ffeffff]
[    0.000000] kvm-clock: cpu 0, msr 0:3ff44001, primary cpu clock
[    0.000000] kvm-clock: Using msrs 4b564d01 and 4b564d00
[    0.000000] kvm-clock: using sched offset of 5201118964 cycles
[    0.000000] clocksource: kvm-clock: mask: 0xffffffffffffffff max_cycles: 0x1cd42e4dffb, max_idle_ns: 881590591483 ns
[    0.000000] Zone ranges:
[    0.000000]   DMA      [mem 0x0000000000001000-0x0000000000ffffff]
[    0.000000]   DMA32    [mem 0x0000000001000000-0x000000003ffeffff]
[    0.000000]   Normal   empty
[    0.000000]   Device   empty
[    0.000000] Movable zone start for each node
[    0.000000] Early memory node ranges
[    0.000000]   node   0: [mem 0x0000000000001000-0x000000000009efff]
[    0.000000]   node   0: [mem 0x0000000000100000-0x000000003ffeffff]
[    0.000000] Reserved but unavailable: 98 pages
[    0.000000] Initmem setup node 0 [mem 0x0000000000001000-0x000000003ffeffff]
[    0.000000] ACPI: PM-Timer IO Port: 0x4008
[    0.000000] IOAPIC[0]: apic_id 2, version 32, address 0xfec00000, GSI 0-23
[    0.000000] ACPI: INT_SRC_OVR (bus 0 bus_irq 0 global_irq 2 dfl dfl)
[    0.000000] ACPI: INT_SRC_OVR (bus 0 bus_irq 9 global_irq 9 low level)
[    0.000000] Using ACPI (MADT) for SMP configuration information
[    0.000000] smpboot: Allowing 2 CPUs, 0 hotplug CPUs
[    0.000000] PM: Registered nosave memory: [mem 0x00000000-0x00000fff]
[    0.000000] PM: Registered nosave memory: [mem 0x0009f000-0x0009ffff]
[    0.000000] PM: Registered nosave memory: [mem 0x000a0000-0x000effff]
[    0.000000] PM: Registered nosave memory: [mem 0x000f0000-0x000fffff]
[    0.000000] e820: [mem 0x40000000-0xfebfffff] available for PCI devices
[    0.000000] Booting paravirtualized kernel on KVM
[    0.000000] clocksource: refined-jiffies: mask: 0xffffffff max_cycles: 0xffffffff, max_idle_ns: 7645519600211568 ns
[    0.000000] random: get_random_bytes called from start_kernel+0x99/0x500 with crng_init=0
[    0.000000] setup_percpu: NR_CPUS:8192 nr_cpumask_bits:2 nr_cpu_ids:2 nr_node_ids:1
[    0.000000] percpu: Embedded 45 pages/cpu s147456 r8192 d28672 u1048576
[    0.000000] PV qspinlock hash table entries: 256 (order: 0, 4096 bytes)
[    0.000000] Built 1 zonelists, mobility grouping on.  Total pages: 257913
[    0.000000] Policy zone: DMA32
[    0.000000] Kernel command line: BOOT_IMAGE=/boot/vmlinuz-4.15.0-141-generic root=LABEL=cloudimg-rootfs ro console=tty1 console=ttyS0
[    0.000000] Memory: 982716K/1048120K available (12300K kernel code, 2483K rwdata, 4316K rodata, 2444K init, 2724K bss, 65404K reserved, 0K cma-reserved)
[    0.000000] SLUB: HWalign=64, Order=0-3, MinObjects=0, CPUs=2, Nodes=1
[    0.000000] Kernel/User page tables isolation: enabled
[    0.000000] ftrace: allocating 39434 entries in 155 pages
[    0.004000] Hierarchical RCU implementation.
[    0.004000] 	RCU restricting CPUs from NR_CPUS=8192 to nr_cpu_ids=2.
[    0.004000] 	Tasks RCU enabled.
[    0.004000] RCU: Adjusting geometry for rcu_fanout_leaf=16, nr_cpu_ids=2
[    0.004000] NR_IRQS: 524544, nr_irqs: 440, preallocated irqs: 16
[    0.004000] Console: colour VGA+ 80x25
[    0.004000] console [tty1] enabled
[    0.004000] console [ttyS0] enabled
[    0.004000] ACPI: Core revision 20170831
[    0.004000] ACPI: 2 ACPI AML tables successfully acquired and loaded
[    0.004000] APIC: Switch to symmetric I/O mode setup
[    0.004000] x2apic enabled
[    0.004000] Switched APIC routing to physical x2apic.
[    0.004000] ..TIMER: vector=0x30 apic1=0 pin1=2 apic2=-1 pin2=-1
[    0.004003] tsc: Detected 2304.000 MHz processor
[    0.004888] Calibrating delay loop (skipped) preset value.. 4608.00 BogoMIPS (lpj=9216000)
[    0.006098] pid_max: default: 32768 minimum: 301
[    0.008037] Security Framework initialized
[    0.008851] Yama: becoming mindful.
[    0.009547] AppArmor: AppArmor initialized
[    0.012047] Dentry cache hash table entries: 131072 (order: 8, 1048576 bytes)
[    0.014028] Inode-cache hash table entries: 65536 (order: 7, 524288 bytes)
[    0.016019] Mount-cache hash table entries: 2048 (order: 2, 16384 bytes)
[    0.017608] Mountpoint-cache hash table entries: 2048 (order: 2, 16384 bytes)
[    0.019156] Last level iTLB entries: 4KB 64, 2MB 8, 4MB 8
[    0.020001] Last level dTLB entries: 4KB 64, 2MB 0, 4MB 0, 1GB 4
[    0.021122] Spectre V1 : Mitigation: usercopy/swapgs barriers and __user pointer sanitization
[    0.022756] Spectre V2 : Mitigation: Full generic retpoline
[    0.024002] Spectre V2 : Spectre v2 / SpectreRSB mitigation: Filling RSB on context switch
[    0.026237] Speculative Store Bypass: Vulnerable
[    0.027167] SRBDS: Unknown: Dependent on hypervisor status
[    0.028002] MDS: Mitigation: Clear CPU buffers
[    0.029008] Freeing SMP alternatives memory: 36K
[    0.140612] smpboot: CPU0: Intel(R) Core(TM) i5-7360U CPU @ 2.30GHz (family: 0x6, model: 0x8e, stepping: 0x9)
[    0.144073] Performance Events: unsupported p6 CPU model 142 no PMU driver, software events only.
[    0.146409] Hierarchical SRCU implementation.
[    0.147894] NMI watchdog: Perf event create on CPU 0 failed with -2
[    0.148002] NMI watchdog: Perf NMI watchdog permanently disabled
[    0.149165] smp: Bringing up secondary CPUs ...
[    0.150099] x86: Booting SMP configuration:
[    0.150909] .... node  #0, CPUs:      #1
[    0.004000] kvm-clock: cpu 1, msr 0:3ff44041, secondary cpu clock
[    0.155845] smp: Brought up 1 node, 2 CPUs
[    0.156006] smpboot: Max logical packages: 1
[    0.157282] smpboot: Total of 2 processors activated (9216.00 BogoMIPS)
[    0.160109] devtmpfs: initialized
[    0.161179] x86/mm: Memory block size: 128MB
[    0.162115] evm: security.selinux
[    0.162895] evm: security.SMACK64
[    0.164006] evm: security.SMACK64EXEC
[    0.165410] evm: security.SMACK64TRANSMUTE
[    0.168037] evm: security.SMACK64MMAP
[    0.171068] evm: security.apparmor
[    0.172009] evm: security.ima
[    0.173073] evm: security.capability
[    0.176113] clocksource: jiffies: mask: 0xffffffff max_cycles: 0xffffffff, max_idle_ns: 7645041785100000 ns
[    0.178793] futex hash table entries: 512 (order: 3, 32768 bytes)
[    0.181693] pinctrl core: initialized pinctrl subsystem
[    0.184107] RTC time:  8:59:51, date: 04/13/21
[    0.185597] NET: Registered protocol family 16
[    0.188093] audit: initializing netlink subsys (disabled)
[    0.189698] audit: type=2000 audit(1618304398.237:1): state=initialized audit_enabled=0 res=1
[    0.192026] cpuidle: using governor ladder
[    0.193213] cpuidle: using governor menu
[    0.194404] ACPI: bus type PCI registered
[    0.196005] acpiphp: ACPI Hot Plug PCI Controller Driver version: 0.5
[    0.197866] PCI: Using configuration type 1 for base access
[    0.201435] HugeTLB registered 2.00 MiB page size, pre-allocated 0 pages
[    0.204070] ACPI: Added _OSI(Module Device)
[    0.205196] ACPI: Added _OSI(Processor Device)
[    0.206413] ACPI: Added _OSI(3.0 _SCP Extensions)
[    0.208005] ACPI: Added _OSI(Processor Aggregator Device)
[    0.209538] ACPI: Added _OSI(Linux-Dell-Video)
[    0.211228] ACPI: Added _OSI(Linux-Lenovo-NV-HDMI-Audio)
[    0.212020] ACPI: Added _OSI(Linux-HPI-Hybrid-Graphics)
[    0.213959] ACPI: Executed 1 blocks of module-level executable AML code
[    0.218819] ACPI: Interpreter enabled
[    0.220014] ACPI: (supports S0 S5)
[    0.221241] ACPI: Using IOAPIC for interrupt routing
[    0.222855] PCI: Using host bridge windows from ACPI; if necessary, use "pci=nocrs" and report a bug
[    0.224242] ACPI: Enabled 2 GPEs in block 00 to 07
[    0.238960] ACPI: PCI Root Bridge [PCI0] (domain 0000 [bus 00-ff])
[    0.240015] acpi PNP0A03:00: _OSC: OS supports [ASPM ClockPM Segments MSI]
[    0.242624] acpi PNP0A03:00: _OSC: not requesting OS control; OS requires [ExtendedConfig ASPM ClockPM MSI]
[    0.244019] acpi PNP0A03:00: fail to add MMCONFIG information, can't access extended PCI configuration space under this bridge.
[    0.248576] PCI host bridge to bus 0000:00
[    0.249666] pci_bus 0000:00: root bus resource [io  0x0000-0x0cf7 window]
[    0.252007] pci_bus 0000:00: root bus resource [io  0x0d00-0xffff window]
[    0.253941] pci_bus 0000:00: root bus resource [mem 0x000a0000-0x000bffff window]
[    0.256009] pci_bus 0000:00: root bus resource [mem 0x40000000-0xfdffffff window]
[    0.260007] pci_bus 0000:00: root bus resource [bus 00-ff]
[    0.268028] pci 0000:00:01.1: legacy IDE quirk: reg 0x10: [io  0x01f0-0x01f7]
[    0.271946] pci 0000:00:01.1: legacy IDE quirk: reg 0x14: [io  0x03f6]
[    0.272004] pci 0000:00:01.1: legacy IDE quirk: reg 0x18: [io  0x0170-0x0177]
[    0.273891] pci 0000:00:01.1: legacy IDE quirk: reg 0x1c: [io  0x0376]
[    0.290749] pci 0000:00:07.0: quirk: [io  0x4000-0x403f] claimed by PIIX4 ACPI
[    0.292020] pci 0000:00:07.0: quirk: [io  0x4100-0x410f] claimed by PIIX4 SMB
[    0.305260] ACPI: PCI Interrupt Link [LNKA] (IRQs 5 9 10 *11)
[    0.306654] ACPI: PCI Interrupt Link [LNKB] (IRQs 5 9 *10 11)
[    0.308000] ACPI: PCI Interrupt Link [LNKC] (IRQs 5 *9 10 11)
[    0.308122] ACPI: PCI Interrupt Link [LNKD] (IRQs 5 9 10 *11)
[    0.309556] SCSI subsystem initialized
[    0.310616] pci 0000:00:02.0: vgaarb: setting as boot VGA device
[    0.310616] pci 0000:00:02.0: vgaarb: VGA device added: decodes=io+mem,owns=io+mem,locks=none
[    0.312009] pci 0000:00:02.0: vgaarb: bridge control possible
[    0.316002] vgaarb: loaded
[    0.316755] ACPI: bus type USB registered
[    0.318050] usbcore: registered new interface driver usbfs
[    0.319095] usbcore: registered new interface driver hub
[    0.320010] usbcore: registered new device driver usb
[    0.321113] EDAC MC: Ver: 3.0.0
[    0.321113] PCI: Using ACPI for IRQ routing
[    0.324020] NetLabel: Initializing
[    0.324735] NetLabel:  domain hash size = 128
[    0.325926] NetLabel:  protocols = UNLABELED CIPSOv4 CALIPSO
[    0.327447] NetLabel:  unlabeled traffic allowed by default
[    0.328092] clocksource: Switched to clocksource kvm-clock
[    0.346977] VFS: Disk quotas dquot_6.6.0
[    0.348250] VFS: Dquot-cache hash table entries: 512 (order 0, 4096 bytes)
[    0.350485] AppArmor: AppArmor Filesystem Enabled
[    0.354274] pnp: PnP ACPI init
[    0.356707] pnp: PnP ACPI: found 3 devices
[    0.366237] clocksource: acpi_pm: mask: 0xffffff max_cycles: 0xffffff, max_idle_ns: 2085701024 ns
[    0.368434] NET: Registered protocol family 2
[    0.369424] TCP established hash table entries: 8192 (order: 4, 65536 bytes)
[    0.370792] TCP bind hash table entries: 8192 (order: 5, 131072 bytes)
[    0.373304] TCP: Hash tables configured (established 8192 bind 8192)
[    0.374550] UDP hash table entries: 512 (order: 2, 16384 bytes)
[    0.375667] UDP-Lite hash table entries: 512 (order: 2, 16384 bytes)
[    0.376915] NET: Registered protocol family 1
[    0.377776] pci 0000:00:00.0: Limiting direct PCI/PCI transfers
[    0.378904] pci 0000:00:01.0: Activating ISA DMA hang workarounds
[    0.380254] pci 0000:00:02.0: Video device with shadowed ROM at [mem 0x000c0000-0x000dffff]
[    0.382471] Unpacking initramfs...
[    0.659263] Freeing initrd memory: 19524K
[    0.660620] clocksource: tsc: mask: 0xffffffffffffffff max_cycles: 0x2135f7c97c8, max_idle_ns: 440795273205 ns
[    0.662776] platform rtc_cmos: registered platform RTC device (no PNP device found)
[    0.664796] Scanning for low memory corruption every 60 seconds
[    0.667215] Initialise system trusted keyrings
[    0.668440] Key type blacklist registered
[    0.669292] workingset: timestamp_bits=36 max_order=18 bucket_order=0
[    0.671212] zbud: loaded
[    0.672242] squashfs: version 4.0 (2009/01/31) Phillip Lougher
[    0.673983] fuse init (API version 7.26)
[    0.676686] Key type asymmetric registered
[    0.677500] Asymmetric key parser 'x509' registered
[    0.678477] Block layer SCSI generic (bsg) driver version 0.4 loaded (major 246)
[    0.680150] io scheduler noop registered
[    0.681116] io scheduler deadline registered
[    0.682002] io scheduler cfq registered (default)
[    0.683422] ACPI: AC Adapter [AC] (on-line)
[    0.684710] input: Power Button as /devices/LNXSYSTM:00/LNXPWRBN:00/input/input0
[    0.686243] ACPI: Power Button [PWRF]
[    0.687046] input: Sleep Button as /devices/LNXSYSTM:00/LNXSLPBN:00/input/input1
[    0.688521] ACPI: Sleep Button [SLPF]
[    0.690637] ACPI: Battery Slot [BAT0] (battery present)
[    0.692245] Serial: 8250/16550 driver, 32 ports, IRQ sharing enabled
[    0.714706] 00:02: ttyS0 at I/O 0x3f8 (irq = 4, base_baud = 115200) is a 16550A
[    0.718927] Linux agpgart interface v0.103
[    0.721073] loop: module loaded
[    0.722402] scsi host0: ata_piix
[    0.723165] scsi host1: ata_piix
[    0.723832] ata1: PATA max UDMA/33 cmd 0x1f0 ctl 0x3f6 bmdma 0xd000 irq 14
[    0.725239] ata2: PATA max UDMA/33 cmd 0x170 ctl 0x376 bmdma 0xd008 irq 15
[    0.726863] libphy: Fixed MDIO Bus: probed
[    0.727738] tun: Universal TUN/TAP device driver, 1.6
[    0.729414] PPP generic driver version 2.4.2
[    0.730307] ehci_hcd: USB 2.0 'Enhanced' Host Controller (EHCI) Driver
[    0.732498] ehci-pci: EHCI PCI platform driver
[    0.733518] ehci-platform: EHCI generic platform driver
[    0.734518] ohci_hcd: USB 1.1 'Open' Host Controller (OHCI) Driver
[    0.735871] ohci-pci: OHCI PCI platform driver
[    0.736783] ohci-platform: OHCI generic platform driver
[    0.737779] uhci_hcd: USB Universal Host Controller Interface driver
[    0.739070] i8042: PNP: PS/2 Controller [PNP0303:PS2K,PNP0f03:PS2M] at 0x60,0x64 irq 1,12
[    0.741983] serio: i8042 KBD port at 0x60,0x64 irq 1
[    0.742959] serio: i8042 AUX port at 0x60,0x64 irq 12
[    0.744494] mousedev: PS/2 mouse device common for all mice
[    0.746314] input: AT Translated Set 2 keyboard as /devices/platform/i8042/serio0/input/input2
[    0.748406] rtc_cmos rtc_cmos: rtc core: registered rtc_cmos as rtc0
[    0.749647] rtc_cmos rtc_cmos: alarms up to one day, 114 bytes nvram
[    0.750834] i2c /dev entries driver
[    0.751561] device-mapper: uevent: version 1.0.3
[    0.752557] device-mapper: ioctl: 4.37.0-ioctl (2017-09-20) initialised: dm-devel@redhat.com
[    0.754593] ledtrig-cpu: registered to indicate activity on CPUs
[    0.756601] NET: Registered protocol family 10
[    0.760505] Segment Routing with IPv6
[    0.761322] NET: Registered protocol family 17
[    0.762258] Key type dns_resolver registered
[    0.763442] mce: Using 0 MCE banks
[    0.764341] RAS: Correctable Errors collector initialized.
[    0.765653] sched_clock: Marking stable (764318793, 0)->(952347469, -188028676)
[    0.767478] registered taskstats version 1
[    0.768367] Loading compiled-in X.509 certificates
[    0.771636] Loaded X.509 cert 'Build time autogenerated kernel key: 94c1dbbf9057c249d34783f9fbd868815acc6f0a'
[    0.774545] Loaded X.509 cert 'Canonical Ltd. Live Patch Signing: 14df34d1a87cf37625abec039ef2bf521249b969'
[    0.776886] Loaded X.509 cert 'Canonical Ltd. Kernel Module Signing: 88f752e560a1e0737e31163a466ad7b70a850c19'
[    0.778771] zswap: loaded using pool lzo/zbud
[    0.782778] Key type big_key registered
[    0.783545] Key type trusted registered
[    0.785757] Key type encrypted registered
[    0.786549] AppArmor: AppArmor sha1 policy hashing enabled
[    0.787600] ima: No TPM chip found, activating TPM-bypass! (rc=-19)
[    0.788863] ima: Allocated hash algorithm: sha1
[    0.789997] evm: HMAC attrs: 0x1
[    0.791138]   Magic number: 1:254:978
[    0.791941] rtc_cmos rtc_cmos: setting system clock to 2021-04-13 08:59:52 UTC (1618304392)
[    0.793669] BIOS EDD facility v0.16 2004-Jun-25, 0 devices found
[    0.795276] EDD information not available.
[    0.918923] Freeing unused kernel image memory: 2444K
[    0.939908] Write protecting the kernel read-only data: 20480k
[    0.942622] Freeing unused kernel image memory: 2008K
[    0.945100] Freeing unused kernel image memory: 1828K
[    0.957127] x86/mm: Checked W+X mappings: passed, no W+X pages found.
[    0.959339] x86/mm: Checking user space page tables
[    0.969673] x86/mm: Checked W+X mappings: passed, no W+X pages found.
Loading, please wait...
starting version 237
[    1.041264] e1000: Intel(R) PRO/1000 Network Driver - version 7.3.21-k8-NAPI
[    1.043369] e1000: Copyright (c) 1999-2006 Intel Corporation.
[    1.055536] Fusion MPT base driver 3.04.20
[    1.056844] Copyright (c) 1999-2008 LSI Corporation
[    1.064533] Fusion MPT SPI Host driver 3.04.20
[    1.078498] AVX2 version of gcm_enc/dec engaged.
[    1.079739] AES CTR mode by8 optimization enabled
[    1.261185] input: ImExPS/2 Generic Explorer Mouse as /devices/platform/i8042/serio1/input/input4
[    1.477956] e1000 0000:00:03.0 eth0: (PCI:33MHz:32-bit) 02:ee:46:40:74:be
[    1.480020] e1000 0000:00:03.0 eth0: Intel(R) PRO/1000 Network Connection
[    1.483105] mptbase: ioc0: Initiating bringup
[    1.576539] ioc0: LSI53C1030 A0: Capabilities={Initiator}
[    1.825117] scsi host2: ioc0: LSI53C1030 A0, FwRev=00000000h, Ports=1, MaxQ=256, IRQ=20
[    1.993977] scsi 2:0:0:0: Direct-Access     VBOX     HARDDISK         1.0  PQ: 0 ANSI: 5
[    2.036052] scsi target2:0:0: Beginning Domain Validation
[    2.039363] scsi target2:0:0: Domain Validation skipping write tests
[    2.041593] scsi target2:0:0: Ending Domain Validation
[    2.043173] scsi target2:0:0: asynchronous
[    2.044845] scsi 2:0:1:0: Direct-Access     VBOX     HARDDISK         1.0  PQ: 0 ANSI: 5
[    2.340103] scsi target2:0:1: Beginning Domain Validation
[    2.343095] random: fast init done
[    2.344185] scsi target2:0:1: Domain Validation skipping write tests
[    2.345440] scsi target2:0:1: Ending Domain Validation
[    2.346630] scsi target2:0:1: asynchronous
[    2.352768] random: systemd-udevd: uninitialized urandom read (16 bytes read)
[    2.354347] random: systemd-udevd: uninitialized urandom read (16 bytes read)
[    2.356204] random: systemd-udevd: uninitialized urandom read (16 bytes read)
[    2.358203] sd 2:0:0:0: Attached scsi generic sg0 type 0
[    2.359910] sd 2:0:1:0: Attached scsi generic sg1 type 0
[    2.362073] sd 2:0:0:0: [sda] 83886080 512-byte logical blocks: (42.9 GB/40.0 GiB)
[    2.364423] sd 2:0:0:0: [sda] Write Protect is off
[    2.366191] sd 2:0:0:0: [sda] Incomplete mode parameter data
[    2.367359] sd 2:0:0:0: [sda] Assuming drive cache: write through
[    2.370231]  sda: sda1
[    2.371581] sd 2:0:0:0: [sda] Attached SCSI disk
[    2.377958] sd 2:0:1:0: [sdb] 20480 512-byte logical blocks: (10.5 MB/10.0 MiB)
[    2.380228] sd 2:0:1:0: [sdb] Write Protect is off
[    2.381722] sd 2:0:1:0: [sdb] Incomplete mode parameter data
[    2.383232] sd 2:0:1:0: [sdb] Assuming drive cache: write through
[    2.388147] sd 2:0:1:0: [sdb] Attached SCSI disk
[    2.443798] e1000 0000:00:08.0 eth1: (PCI:33MHz:32-bit) 08:00:27:1f:12:9c
[    2.445597] e1000 0000:00:08.0 eth1: Intel(R) PRO/1000 Network Connection
[    2.449111] e1000 0000:00:08.0 enp0s8: renamed from eth1
[    2.461803] e1000 0000:00:03.0 enp0s3: renamed from eth0
Begin: Loading essential drivers ... [    4.012090] raid6: sse2x1   gen() 10454 MB/s
[    4.060042] raid6: sse2x1   xor()  7493 MB/s
[    4.108055] raid6: sse2x2   gen() 12114 MB/s
[    4.156046] raid6: sse2x2   xor()  8820 MB/s
[    4.204045] raid6: sse2x4   gen() 14789 MB/s
[    4.252328] raid6: sse2x4   xor()  9655 MB/s
[    4.300107] raid6: avx2x1   gen() 19832 MB/s
[    4.348091] raid6: avx2x1   xor()  9372 MB/s
[    4.396171] raid6: avx2x2   gen() 12423 MB/s
[    4.444139] raid6: avx2x2   xor()  8542 MB/s
[    4.492164] raid6: avx2x4   gen() 28275 MB/s
[    4.540096] raid6: avx2x4   xor() 17291 MB/s
[    4.541225] raid6: using algorithm avx2x4 gen() 28275 MB/s
[    4.542396] raid6: .... xor() 17291 MB/s, rmw enabled
[    4.543570] raid6: using avx2x2 recovery algorithm
[    4.546219] xor: automatically using best checksumming function   avx       
[    4.550086] async_tx: api initialized (async)
done.
Begin: Running /scripts/init-premount ... done.
Begin: Mounting root file system ... Begin: Running /scripts/local-top ... done.
Begin: Running /scripts/local-premount ... [    4.603095] Btrfs loaded, crc32c=crc32c-intel
Scanning for Btrfs filesystems
done.
Warning: fsck not present, so skipping root file system
[    4.854040] EXT4-fs (sda1): mounted filesystem with ordered data mode. Opts: (null)
done.
Begin: Running /scripts/local-bottom ... done.
Begin: Running /scripts/init-bottom ... done.
[    6.006203] ip_tables: (C) 2000-2006 Netfilter Core Team
[    6.103159] random: crng init done
[    6.106371] random: 7 urandom warning(s) missed due to ratelimiting
[    6.134392] systemd[1]: systemd 237 running in system mode. (+PAM +AUDIT +SELINUX +IMA +APPARMOR +SMACK +SYSVINIT +UTMP +LIBCRYPTSETUP +GCRYPT +GNUTLS +ACL +XZ +LZ4 +SECCOMP +BLKID +ELFUTILS +KMOD -IDN2 +IDN -PCRE2 default-hierarchy=hybrid)
[    6.142676] systemd[1]: Detected virtualization oracle.
[    6.144667] systemd[1]: Detected architecture x86-64.

Welcome to [1mUbuntu 18.04.5 LTS[0m!

[    6.154045] systemd[1]: Set hostname to <ubuntu>.
[    6.286935] systemd[1]: Initializing machine ID from random generator.
[    6.290178] systemd[1]: Installed transient /etc/machine-id file.
[    7.338607] systemd[1]: Set up automount Arbitrary Executable File Formats File System Automount Point.
[[0;32m  OK  [0m] Set up automount Arbitrary Executab…rmats File System Automount Point.
[    7.343760] systemd[1]: Reached target Swap.
[[0;32m  OK  [0m] Reached target Swap.
[    7.359196] systemd[1]: Created slice System Slice.
[[0;32m  OK  [0m] Created slice System Slice.
[    7.372801] systemd[1]: Listening on udev Control Socket.
[[0;32m  OK  [0m] Listening on udev Control Socket.
[[0;32m  OK  [0m] Listening on udev Kernel Socket.
[[0;32m  OK  [0m] Listening on LVM2 metadata daemon socket.
[[0;32m  OK  [0m] Started Forward Password Requests to Wall Directory Watch.
[[0;32m  OK  [0m] Listening on fsck to fsckd communication Socket.
[[0;32m  OK  [0m] Listening on /dev/initctl Compatibility Named Pipe.
[[0;32m  OK  [0m] Listening on Network Service Netlink Socket.
[[0;32m  OK  [0m] Listening on Journal Audit Socket.
[[0;32m  OK  [0m] Reached target System Time Synchronized.
[[0;32m  OK  [0m] Created slice User and Session Slice.
[[0;32m  OK  [0m] Reached target Slices.
[[0;32m  OK  [0m] Created slice system-serial\x2dgetty.slice.
[[0;32m  OK  [0m] Listening on Journal Socket.
         Starting Uncomplicated firewall...
         Mounting Kernel Debug File System...
         Starting File System Check on Root Device...
         Mounting POSIX Message Queue File System...
         Starting Load Kernel Modules...
         Starting Set the console keyboard layout...
         Starting udev Coldplug all Devices...
         Mounting Huge Pages File System...
         Starting Create list of required st…ce nodes for the current kernel...
[[0;32m  OK  [0m] Listening on LVM2 poll daemon socket.
[[0;32m  OK  [0m] Listening on Syslog Socket.
[[0;32m  OK  [0m] Listening on Device-mapper event daemon FIFOs.
         Starting Monitoring of LVM2 mirrors…ng dmeventd or progress polling...
[[0;32m  OK  [0m] Listening on Journal Socket (/dev/log).
         Starting Journal Service...
[[0;32m  OK  [0m] Reached target User and Group Name Lookups.
[[0;32m  OK  [0m] Started Uncomplicated firewall.
[[0;32m  OK  [0m] Mounted Kernel Debug File System.
[[0;32m  OK  [0m] Mounted POSIX Message Queue File System.
[[0;32m  OK  [0m] Mounted Huge Pages File System.
[[0;32m  OK  [0m] Started File System Check Daemon to report status.
[[0;32m  OK  [0m] Started File System Check on Root Device.
         Starting Remount Root and Kernel File Systems...
[    7.624841] Loading iSCSI transport class v2.0-870.
[[0;32m  OK  [0m] Started Create list of required sta…vice nodes for the current kernel.
         Starting Create Static Device Nodes in /dev...
[[0;32m  OK  [0m] Started LVM2 metadata daemon.
[[0;32m  OK  [0m] Started Journal Service.
[[0;32m  OK  [0m] Started udev Coldplug all Devices.
[    7.740740] EXT4-fs (sda1): re-mounted. Opts: (null)
[[0;32m  OK  [0m] Started Remount Root and Kernel File Systems.
[    7.747143] iscsi: registered transport (tcp)
         Starting Load/Save Random Seed...
         Starting Flush Journal to Persistent Storage...
[[0;32m  OK  [0m] Started Create Static Device Nodes in /dev.
[[0;32m  OK  [0m] Started Monitoring of LVM2 mirrors,…sing dmeventd or progress polling.
         Starting udev Kernel Device Manager...
[[0;32m  OK  [0m] Started Load/Save Random Seed.
[    7.891860] iscsi: registered transport (iser)
[[0;32m  OK  [0m] Started Load Kernel Modules.
         Mounting FUSE Control File System...
         Starting Apply Kernel Variables...
         Mounting Kernel Configuration File System...
[[0;32m  OK  [0m] Started Set the console keyboard layout.
[[0;32m  OK  [0m] Mounted FUSE Control File System.
[[0;32m  OK  [0m] Mounted Kernel Configuration File System.
[    7.945033] systemd-journald[421]: Received request to flush runtime journal from PID 1
[[0;32m  OK  [0m] Reached target Local File Systems (Pre).
[[0;32m  OK  [0m] Reached target Local File Systems.
         Starting Tell Plymouth To Write Out Runtime Data...
         Starting Commit a transient machine-id on disk...
         Starting AppArmor initialization...
         Starting ebtables ruleset management...
         Starting Set console font and keymap...
[[0;32m  OK  [0m] Started udev Kernel Device Manager.
[[0;32m  OK  [0m] Started Dispatch Password Requests to Console Directory Watch.
[[0;32m  OK  [0m] Reached target Local Encrypted Volumes.
[[0;32m  OK  [0m] Started Tell Plymouth To Write Out Runtime Data.
[[0;32m  OK  [0m] Started Apply Kernel Variables.
[[0;32m  OK  [0m] Started Set console font and keymap.
[[0;32m  OK  [0m] Started Flush Journal to Persistent Storage.
         Starting Create Volatile Files and Directories...
[[0;32m  OK  [0m] Started Commit a transient machine-id on disk.
[[0;32m  OK  [0m] Started Create Volatile Files and Directories.
         Starting Update UTMP about System Boot/Shutdown...
[[0;32m  OK  [0m] Started Update UTMP about System Boot/Shutdown.
[[0;32m  OK  [0m] Started ebtables ruleset management.
[[0;32m  OK  [0m] Found device /dev/ttyS0.
[[0;32m  OK  [0m] Listening on Load/Save RF Kill Switch Status /dev/rfkill Watch.
[[0;32m  OK  [0m] Started AppArmor initialization.
         Starting Load AppArmor profiles managed internally by snapd...
         Starting Initial cloud-init job (pre-networking)...
[[0;32m  OK  [0m] Started Load AppArmor profiles managed internally by snapd.
[   11.110063] cloud-init[544]: Cloud-init v. 20.4.1-0ubuntu1~18.04.1 running 'init-local' at Tue, 13 Apr 2021 09:00:02 +0000. Up 10.71 seconds.
[[0;32m  OK  [0m] Started Initial cloud-init job (pre-networking).
[[0;32m  OK  [0m] Reached target Network (Pre).
         Starting Network Service...
[[0;32m  OK  [0m] Started Network Service.
         Starting Network Name Resolution...
         Starting Wait for Network to be Configured...
[[0;32m  OK  [0m] Started Network Name Resolution.
[[0;32m  OK  [0m] Reached target Network.
[[0;32m  OK  [0m] Reached target Host and Network Name Lookups.
[[0;32m  OK  [0m] Started Wait for Network to be Configured.
         Starting Initial cloud-init job (metadata service crawler)...
[   13.014724] cloud-init[677]: Cloud-init v. 20.4.1-0ubuntu1~18.04.1 running 'init' at Tue, 13 Apr 2021 09:00:04 +0000. Up 12.89 seconds.
[   13.016949] cloud-init[677]: ci-info: ++++++++++++++++++++++++++++++++++++++Net device info+++++++++++++++++++++++++++++++++++++++
[   13.018884] cloud-init[677]: ci-info: +--------+-------+----------------------------+---------------+--------+-------------------+
[   13.021493] cloud-init[677]: ci-info: | Device |   Up  |          Address           |      Mask     | Scope  |     Hw-Address    |
[   13.024541] cloud-init[677]: ci-info: +--------+-------+----------------------------+---------------+--------+-------------------+
[   13.036606] cloud-init[677]: ci-info: | enp0s3 |  True |         10.0.2.15          | 255.255.255.0 | global | 02:ee:46:40:74:be |
[   13.039277] cloud-init[677]: ci-info: | enp0s3 |  True | fe80::ee:46ff:fe40:74be/64 |       .       |  link  | 02:ee:46:40:74:be |
[   13.052788] cloud-init[677]: ci-info: | enp0s8 | False |             .              |       .       |   .    | 08:00:27:1f:12:9c |
[   13.055837] cloud-init[677]: ci-info: |   lo   |  True |         127.0.0.1          |   255.0.0.0   |  host  |         .         |
[   13.058708] cloud-init[677]: ci-info: |   lo   |  True |          ::1/128           |       .       |  host  |         .         |
[   13.061084] cloud-init[677]: ci-info: +--------+-------+----------------------------+---------------+--------+-------------------+
[   13.062797] cloud-init[677]: ci-info: ++++++++++++++++++++++++++++Route IPv4 info+++++++++++++++++++++++++++++
[   13.064909] cloud-init[677]: ci-info: +-------+-------------+----------+-----------------+-----------+-------+
[   13.066861] cloud-init[677]: ci-info: | Route | Destination | Gateway  |     Genmask     | Interface | Flags |
[   13.068193] cloud-init[677]: ci-info: +-------+-------------+----------+-----------------+-----------+-------+
[   13.069624] cloud-init[677]: ci-info: |   0   |   0.0.0.0   | 10.0.2.2 |     0.0.0.0     |   enp0s3  |   UG  |
[   13.071007] cloud-init[677]: ci-info: |   1   |   10.0.2.0  | 0.0.0.0  |  255.255.255.0  |   enp0s3  |   U   |
[   13.072685] cloud-init[677]: ci-info: |   2   |   10.0.2.2  | 0.0.0.0  | 255.255.255.255 |   enp0s3  |   UH  |
[   13.085037] cloud-init[677]: ci-info: +-------+-------------+----------+-----------------+-----------+-------+
[   13.087725] cloud-init[677]: ci-info: +++++++++++++++++++Route IPv6 info+++++++++++++++++++
[   13.089404] cloud-init[677]: ci-info: +-------+-------------+---------+-----------+-------+
[   13.090461] cloud-init[677]: ci-info: | Route | Destination | Gateway | Interface | Flags |
[   13.091327] cloud-init[677]: ci-info: +-------+-------------+---------+-----------+-------+
[   13.093017] cloud-init[677]: ci-info: |   1   |  fe80::/64  |    ::   |   enp0s3  |   U   |
[   13.094770] cloud-init[677]: ci-info: |   3   |    local    |    ::   |   enp0s3  |   U   |
[   13.096281] cloud-init[677]: ci-info: |   4   |   ff00::/8  |    ::   |   enp0s3  |   U   |
[   13.097725] cloud-init[677]: ci-info: +-------+-------------+---------+-----------+-------+
[   14.067236] cloud-init[677]: Generating public/private rsa key pair.
[   14.068634] cloud-init[677]: Your identification has been saved in /etc/ssh/ssh_host_rsa_key.
[   14.070156] cloud-init[677]: Your public key has been saved in /etc/ssh/ssh_host_rsa_key.pub.
[   14.071406] cloud-init[677]: The key fingerprint is:
[   14.072252] cloud-init[677]: SHA256:Hij0uY+ZeyijxtKsjWfcDReD7DFSUb3YKtaYiRbG9M4 root@ubuntu-bionic
[   14.073714] cloud-init[677]: The key's randomart image is:
[   14.074393] cloud-init[677]: +---[RSA 2048]----+
[   14.075292] cloud-init[677]: |    .o..         |
[   14.075973] cloud-init[677]: |  . .   .        |
[   14.076693] cloud-init[677]: | o +.. o .       |
[   14.077395] cloud-init[677]: |  =.*.+oo        |
[   14.078032] cloud-init[677]: | . B.B++S        |
[   14.088369] cloud-init[677]: |  o E.+o .       |
[   14.089158] cloud-init[677]: | * o =...        |
[   14.090024] cloud-init[677]: |.oO + o=.        |
[   14.090673] cloud-init[677]: |o*o. o=o.        |
[   14.091334] cloud-init[677]: +----[SHA256]-----+
[   14.092049] cloud-init[677]: Generating public/private dsa key pair.
[   14.093155] cloud-init[677]: Your identification has been saved in /etc/ssh/ssh_host_dsa_key.
[   14.094724] cloud-init[677]: Your public key has been saved in /etc/ssh/ssh_host_dsa_key.pub.
[   14.096177] cloud-init[677]: The key fingerprint is:
[   14.113479] cloud-init[677]: SHA256:iFOXdnd3HxdCKcJbZnPyeY+Wt68Bqf0QZwgccJS2ErM root@ubuntu-bionic
[   14.114776] cloud-init[677]: The key's randomart image is:
[   14.115752] cloud-init[677]: +---[DSA 1024]----+
[   14.116523] cloud-init[677]: |        oo+..o.. |
[   14.117224] cloud-init[677]: |        o*oO o. .|
[   14.118179] cloud-init[677]: |      . +=X.B o.+|
[   14.119076] cloud-init[677]: |     o +Eo.o * o=|
[   14.119655] cloud-init[677]: |    o . S.  = +oo|
[   14.120393] cloud-init[677]: |     .     o =+ o|
[   14.120867] cloud-init[677]: |          . o....|
[   14.121683] cloud-init[677]: |             o o |
[   14.132318] cloud-init[677]: |              o.o|
[   14.133095] cloud-init[677]: +----[SHA256]-----+
[   14.133732] cloud-init[677]: Generating public/private ecdsa key pair.
[   14.134567] cloud-init[677]: Your identification has been saved in /etc/ssh/ssh_host_ecdsa_key.
[   14.135665] cloud-init[677]: Your public key has been saved in /etc/ssh/ssh_host_ecdsa_key.pub.
[   14.136933] cloud-init[677]: The key fingerprint is:
[   14.137465] cloud-init[677]: SHA256:cnobWKBqx1/C4mFjrC6iYNV5LJ49Wnl2XxdATVlyYLU root@ubuntu-bionic
[   14.138893] cloud-init[677]: The key's randomart image is:
[[0;32m  OK  [0m] Started Initial cloud-init job (metadata service crawler).
[   14.154678] [[0;32m  OK  [0m] Reached target Cloud-config availability.
[[0;32m  OK  [0m] Reached target System Initialization.
         Starting Socket activation for snappy daemon.
[[0;32m  OK  [0m] Started Message of the Day.
cloud-init[677]: +---[ECDSA 256]---+
[   14.162882] cloud-init         Starting LXD - unix socket.
[[0;32m  OK  [0m] Listening on ACPID Listen Socket.
[677]: |             .*+*|
[[   14.169512] cloud-init[677]: |            .. =.|
[   14.169592] cloud-init[677]: |      .      . E |
[   14.170510] cloud-init[677]: |    ..o.      .  |
[   14.171467] cloud-init[677]: |   ..+.oS      . |
[   14.172732] cloud-init[677]: |  .+..=*.       .|
[   14.173937] cloud-init[677]: |..o Xo==+o .   ..|
[   14.174821] cloud-init[677]: |=. * =o++o. . . .|
[   14.175731] cloud-init[677]: |+oo ... .    .   |
[   14.176937] cloud-init[677]: +----[SHA256]-----+
[   14.177819] cloud-init[677]: Generating public/private ed25519 key pair.
[   14.178714] cloud-init[677]: Your identification has been saved in /etc/ssh/ssh_host_ed25519_key.
[   14.179613] cloud-init[677]: Your public key has been saved in /etc/ssh/ssh_host_ed25519_key.pub.
[   14.181099] cloud-init[677]: The key fingerprint is:
[   14.181904] cloud-init[677]: SHA256:AoAFSoZv+IMofNnY2z0b9sMnTrV4ox3yMhjtx0CmbUs root@ubuntu-bionic
[   14.182709] cloud-init[677]: The key's randomart image is:
[   14.183528] cloud-init[677]: +--[ED25519 256]--+
[   14.184582] cloud-init[677]: |o*o              |
[   14.185390] cloud-init[677]: |*  .             |
[   14.186216] cloud-init[677]: |.o  .            |
[   14.187026] cloud-init[677]: |. o  .     o     |
[   14.187843] cloud-init[677]: |o+  = . S *  .   |
[   14.189269] cloud-init[677]: |+.o+ o . o Eo .  |
[   14.190015] cloud-init[677]: |. ..  o .oB++=   |
[   14.190821] cloud-init[677]: |     . ..++O*+o  |
[   14.191640] cloud-init[677]: |         .++Bo   |
[   14.191883] cloud-init[677]: +----[SHA256]-----+
[0;32m  OK  [0m] Started ACPI Events Check.
[[0;32m  OK  [0m] Reached target Paths.
[[0;32m  OK  [0m] Started Daily Cleanup of Temporary Directories.
[[0;32m  OK  [0m] Started Daily apt download activities.
[[0;32m  OK  [0m] Started Daily apt upgrade and clean activities.
[[0;32m  OK  [0m] Listening on Open-iSCSI iscsid Socket.
[[0;32m  OK  [0m] Listening on D-Bus System Message Bus Socket.
[[0;32m  OK  [0m] Listening on UUID daemon activation socket.
[[0;32m  OK  [0m] Started Discard unused blocks once a week.
[[0;32m  OK  [0m] Reached target Timers.
[[0;32m  OK  [0m] Reached target Network is Online.
[[0;32m  OK  [0m] Reached target Remote File Systems (Pre).
[[0;32m  OK  [0m] Reached target Remote File Systems.
         Starting Availability of block devices...
[[0;32m  OK  [0m] Listening on Socket activation for snappy daemon.
[[0;32m  OK  [0m] Listening on LXD - unix socket.
[[0;32m  OK  [0m] Reached target Sockets.
[[0;32m  OK  [0m] Reached target Basic System.
[[0;32m  OK  [0m] Started irqbalance daemon.
         Starting Permit User Sessions...
         Starting Pollinate to seed the pseudo random number generator...
         Starting LSB: automatic crash report generation...
[[0;32m  OK  [0m] Started Deferred execution scheduler.
         Starting LXD - container startup/shutdown...
         Starting Virtualbox guest utils...
         Starting System Logging Service...
         Starting LSB: Record successful boot for GRUB...
         Starting Dispatcher daemon for systemd-networkd...
         Starting Login Service...
[[0;32m  OK  [0m] Started Regular background program processing daemon.
[[0;32m  OK  [0m] Started FUSE filesystem for LXC.
         Starting Accounts Service...
[[0;32m  OK  [0m] Started D-Bus System Message Bus.
         Starting Snap Daemon...
[[0;32m  OK  [0m] Started System Logging Service.
[[0;32m  OK  [0m] Started Availability of block devices.
[[0;32m  OK  [0m] Started Permit User Sessions.
[[0;32m  OK  [0m] Started Login Service.
[[0;32m  OK  [0m] Started Unattended Upgrades Shutdown.
         Starting Terminate Plymouth Boot Screen...
         Starting Hold until boot process finishes up...
[[0;32m  OK  [0m] Started Hold until boot process finishes up.
[[0;32m  OK  [0m] Started Serial Getty on ttyS0.
         Starting Set console scheme...
[[0;32m  OK  [0m] Started Terminate Plymouth Boot Screen.
[[0;32m  OK  [0m] Started Set console scheme.
[[0;32m  OK  [0m] Started LSB: automatic crash report generation.
[[0;32m  OK  [0m] Created slice system-getty.slice.
[[0;32m  OK  [0m] Started Getty on tty1.
[[0;32m  OK  [0m] Reached target Login Prompts.
         Starting Authorization Manager...
[[0;32m  OK  [0m] Started LSB: Record successful boot for GRUB.
[[0;32m  OK  [0m] Started LXD - container startup/shutdown.
[[0;32m  OK  [0m] Started Authorization Manager.
[[0;32m  OK  [0m] Started Accounts Service.
[[0;32m  OK  [0m] Started Virtualbox guest utils.
[[0;32m  OK  [0m] Started Dispatcher daemon for systemd-networkd.
[[0;32m  OK  [0m] Started Snap Daemon.
         Starting Wait until snapd is fully seeded...
[[0;32m  OK  [0m] Started Wait until snapd is fully seeded.
         Starting Apply the settings specified in cloud-config...
[   18.888640] cloud-init[1126]: Cloud-init v. 20.4.1-0ubuntu1~18.04.1 running 'modules:config' at Tue, 13 Apr 2021 09:00:09 +0000. Up 17.97 seconds.
[[0;32m  OK  [0m] Started Apply the settings specified in cloud-config.

Ubuntu 18.04.5 LTS ubuntu-bionic ttyS0

ubuntu-bionic login: ci-info: no authorized SSH keys fingerprints found for user ubuntu.
<14>Apr 13 09:00:13 ec2: 
<14>Apr 13 09:00:13 ec2: #############################################################
<14>Apr 13 09:00:13 ec2: -----BEGIN SSH HOST KEY FINGERPRINTS-----
<14>Apr 13 09:00:13 ec2: 1024 SHA256:iFOXdnd3HxdCKcJbZnPyeY+Wt68Bqf0QZwgccJS2ErM root@ubuntu-bionic (DSA)
<14>Apr 13 09:00:13 ec2: 256 SHA256:cnobWKBqx1/C4mFjrC6iYNV5LJ49Wnl2XxdATVlyYLU root@ubuntu-bionic (ECDSA)
<14>Apr 13 09:00:13 ec2: 256 SHA256:AoAFSoZv+IMofNnY2z0b9sMnTrV4ox3yMhjtx0CmbUs root@ubuntu-bionic (ED25519)
<14>Apr 13 09:00:13 ec2: 2048 SHA256:Hij0uY+ZeyijxtKsjWfcDReD7DFSUb3YKtaYiRbG9M4 root@ubuntu-bionic (RSA)
<14>Apr 13 09:00:13 ec2: -----END SSH HOST KEY FINGERPRINTS-----
<14>Apr 13 09:00:13 ec2: #############################################################
-----BEGIN SSH HOST KEY KEYS-----
ecdsa-sha2-nistp256 AAAAE2VjZHNhLXNoYTItbmlzdHAyNTYAAAAIbmlzdHAyNTYAAABBBNPe6ialXmlkTbiU8kqnqKD9ILOcDZTsybysIVEIlKYpjS+aYzEWAJ1+bRIxzI1hCXxfmuyKLtKMeQxbWc59VQE= root@ubuntu-bionic
ssh-ed25519 AAAAC3NzaC1lZDI1NTE5AAAAIM2/mqus9g3Qo9l7eNosTn49EDLF6Dp5ymbr091yYoIT root@ubuntu-bionic
ssh-rsa AAAAB3NzaC1yc2EAAAADAQABAAABAQDf7WCFpYoNwGhjtKzlhLlJ0XfNuSJmSwIfrFTQVxfnc+GVpfuaSPGeSB6JMf0RCFBZ0BQNPbYROo9VYwKNnJCjhil4U2Qzl9AQloJjDsgg5eWX/rG8gGSt+Y35+cTGxU/Ax5VX9D6ll5PccwCPAv5he9jyTTGcxr4C3mlyqRn+pe8Fn8RWtFUu+MLyuBelKedhvVbSacdW39yVS01bG2FzKdjffpJc3dUamfmpBliWQM3fWXyziaZwzcSJ5CZO/5e2KS/qnctZiInolXWwoKw6+jBUpkmE7mJROuo8cKBUyBfr13ZuZSLyugw0q8x5gxU7Da5KjV45CSM/Chw+7UFB root@ubuntu-bionic
-----END SSH HOST KEY KEYS-----
[   22.251753] cloud-init[1229]: Cloud-init v. 20.4.1-0ubuntu1~18.04.1 running 'modules:final' at Tue, 13 Apr 2021 09:00:13 +0000. Up 21.99 seconds.
[   22.253037] cloud-init[1229]: ci-info: no authorized SSH keys fingerprints found for user ubuntu.
[   22.254065] cloud-init[1229]: Cloud-init v. 20.4.1-0ubuntu1~18.04.1 finished at Tue, 13 Apr 2021 09:00:13 +0000. Datasource DataSourceNoCloud [seed=/dev/sdb][dsmode=net].  Up 22.23 seconds
